<?xml version="1.0" encoding="UTF-8"?>
<testng-results skipped="0" failed="0" ignored="0" total="1" passed="1">
  <reporter-output>
  </reporter-output>
  <suite name="Default suite" duration-ms="52049" started-at="2018-07-27T07:06:46Z" finished-at="2018-07-27T07:07:38Z">
    <groups>
    </groups>
    <test name="Default test" duration-ms="52049" started-at="2018-07-27T07:06:46Z" finished-at="2018-07-27T07:07:38Z">
      <class name="trainingDemo.DataDriverLoginUsingXML">
        <test-method status="PASS" signature="Login()[pri:0, instance:trainingDemo.DataDriverLoginUsingXML@5e5792a0]" name="Login" duration-ms="51977" started-at="2018-07-27T07:06:46Z" finished-at="2018-07-27T07:07:38Z">
          <reporter-output>
          </reporter-output>
        </test-method> <!-- Login -->
      </class> <!-- trainingDemo.DataDriverLoginUsingXML -->
    </test> <!-- Default test -->
  </suite> <!-- Default suite -->
</testng-results>
